d:\repository\gige\gigeforward\comserver\exe\gigepreviewer\previewwindow\x64\release\previewwindow.pch
d:\repository\gige\gigeforward\comserver\exe\gigepreviewer\previewwindow\x64\release\vc142.pdb
d:\repository\gige\gigeforward\comserver\exe\gigepreviewer\previewwindow\x64\release\pch.obj
d:\repository\gige\gigeforward\comserver\exe\gigepreviewer\previewwindow\x64\release\previewwindow.obj
d:\repository\gige\gigeforward\comserver\exe\gigepreviewer\previewwindow\x64\release\mainfrm.obj
d:\repository\gige\gigeforward\comserver\exe\gigepreviewer\previewwindow\x64\release\childview.obj
d:\repository\gige\gigeforward\comserver\exe\gigepreviewer\x64\release\previewwindow.exe
d:\repository\gige\gigeforward\comserver\exe\gigepreviewer\previewwindow\x64\release\previewwindow.ipdb
d:\repository\gige\gigeforward\comserver\exe\gigepreviewer\previewwindow\x64\release\previewwindow.iobj
d:\repository\gige\gigeforward\comserver\exe\gigepreviewer\x64\release\previewwindow.pdb
d:\repository\gige\gigeforward\comserver\exe\gigepreviewer\previewwindow\x64\release\previewwindow.res
d:\repository\gige\gigeforward\comserver\exe\gigepreviewer\previewwindow\x64\release\previewwindow.tlog\cl.command.1.tlog
d:\repository\gige\gigeforward\comserver\exe\gigepreviewer\previewwindow\x64\release\previewwindow.tlog\cl.read.1.tlog
d:\repository\gige\gigeforward\comserver\exe\gigepreviewer\previewwindow\x64\release\previewwindow.tlog\cl.write.1.tlog
d:\repository\gige\gigeforward\comserver\exe\gigepreviewer\previewwindow\x64\release\previewwindow.tlog\link.command.1.tlog
d:\repository\gige\gigeforward\comserver\exe\gigepreviewer\previewwindow\x64\release\previewwindow.tlog\link.read.1.tlog
d:\repository\gige\gigeforward\comserver\exe\gigepreviewer\previewwindow\x64\release\previewwindow.tlog\link.write.1.tlog
d:\repository\gige\gigeforward\comserver\exe\gigepreviewer\previewwindow\x64\release\previewwindow.tlog\rc.command.1.tlog
d:\repository\gige\gigeforward\comserver\exe\gigepreviewer\previewwindow\x64\release\previewwindow.tlog\rc.read.1.tlog
d:\repository\gige\gigeforward\comserver\exe\gigepreviewer\previewwindow\x64\release\previewwindow.tlog\rc.write.1.tlog
