d:\repository\gige\gigeforward\comserver\gigepreviewer\gigepreviewer\debug\gigepreviewer.pch
d:\repository\gige\gigeforward\comserver\gigepreviewer\gigepreviewer\debug\vc142.pdb
d:\repository\gige\gigeforward\comserver\gigepreviewer\gigepreviewer\debug\vc142.idb
d:\repository\gige\gigeforward\comserver\gigepreviewer\gigepreviewer\debug\pch.obj
d:\repository\gige\gigeforward\comserver\gigepreviewer\gigepreviewer\debug\dllmain.obj
d:\repository\gige\gigeforward\comserver\gigepreviewer\gigepreviewer\debug\preview.obj
d:\repository\gige\gigeforward\comserver\gigepreviewer\gigepreviewer\debug\gigepreviewer.obj
d:\repository\gige\gigeforward\comserver\gigepreviewer\gigepreviewer\debug\gigepreviewer_i.obj
d:\repository\gige\gigeforward\comserver\gigepreviewer\gigepreviewer\debug\xdlldata.obj
d:\repository\gige\gigeforward\comserver\gigepreviewer\debug\gigepreviewer.lib
d:\repository\gige\gigeforward\comserver\gigepreviewer\debug\gigepreviewer.exp
d:\repository\gige\gigeforward\comserver\gigepreviewer\gigepreviewer\debug\gigepreviewer.ilk
d:\repository\gige\gigeforward\comserver\gigepreviewer\debug\gigepreviewer.dll
d:\repository\gige\gigeforward\comserver\gigepreviewer\debug\gigepreviewer.pdb
d:\repository\gige\gigeforward\comserver\gigepreviewer\gigepreviewer\debug\gigepreviewer.tlb
d:\repository\gige\gigeforward\comserver\gigepreviewer\gigepreviewer\gigepreviewer_p.c
d:\repository\gige\gigeforward\comserver\gigepreviewer\gigepreviewer\gigepreviewer_i.c
d:\repository\gige\gigeforward\comserver\gigepreviewer\gigepreviewer\gigepreviewer_i.h
d:\repository\gige\gigeforward\comserver\gigepreviewer\gigepreviewer\debug\gigepreviewer.res
d:\repository\gige\gigeforward\comserver\gigepreviewer\gigepreviewer\debug\gigepreviewer.tlog\cl.command.1.tlog
d:\repository\gige\gigeforward\comserver\gigepreviewer\gigepreviewer\debug\gigepreviewer.tlog\cl.read.1.tlog
d:\repository\gige\gigeforward\comserver\gigepreviewer\gigepreviewer\debug\gigepreviewer.tlog\cl.write.1.tlog
d:\repository\gige\gigeforward\comserver\gigepreviewer\gigepreviewer\debug\gigepreviewer.tlog\gigepreviewer.write.1u.tlog
d:\repository\gige\gigeforward\comserver\gigepreviewer\gigepreviewer\debug\gigepreviewer.tlog\link.command.1.tlog
d:\repository\gige\gigeforward\comserver\gigepreviewer\gigepreviewer\debug\gigepreviewer.tlog\link.read.1.tlog
d:\repository\gige\gigeforward\comserver\gigepreviewer\gigepreviewer\debug\gigepreviewer.tlog\link.write.1.tlog
d:\repository\gige\gigeforward\comserver\gigepreviewer\gigepreviewer\debug\gigepreviewer.tlog\midl.command.1.tlog
d:\repository\gige\gigeforward\comserver\gigepreviewer\gigepreviewer\debug\gigepreviewer.tlog\midl.read.1.tlog
d:\repository\gige\gigeforward\comserver\gigepreviewer\gigepreviewer\debug\gigepreviewer.tlog\midl.write.1.tlog
d:\repository\gige\gigeforward\comserver\gigepreviewer\gigepreviewer\debug\gigepreviewer.tlog\rc.command.1.tlog
d:\repository\gige\gigeforward\comserver\gigepreviewer\gigepreviewer\debug\gigepreviewer.tlog\rc.read.1.tlog
d:\repository\gige\gigeforward\comserver\gigepreviewer\gigepreviewer\debug\gigepreviewer.tlog\rc.write.1.tlog
