cl : командная строка warning D9035: использование параметра "Gm" нежелательно, он будет удален в следующих выпусках
  wxutil.cpp
D:\source\repos\C++\directshow\baseclasses\wxutil.cpp(755,9): warning C4996: 'GetVersionExW': объявлен deprecate
  wxlist.cpp
  wxdebug.cpp
  winutil.cpp
  winctrl.cpp
  vtrans.cpp
  videoctl.cpp
  transip.cpp
  transfrm.cpp
  sysclock.cpp
  strmctl.cpp
  source.cpp
  seekpt.cpp
  schedule.cpp
  renbase.cpp
  refclock.cpp
  pullpin.cpp
  pstream.cpp
  perflog.cpp
  outputq.cpp
  Создание кода...
  Компиляция...
  mtype.cpp
  dllsetup.cpp
  dllentry.cpp
D:\source\repos\C++\directshow\baseclasses\dllentry.cpp(314,21): warning C4996: 'GetVersionExW': объявлен deprecate
  ddmm.cpp
  ctlutil.cpp
  cprop.cpp
  combase.cpp
  arithutil.cpp
  amvideo.cpp
  amfilter.cpp
  amextra.cpp
  Создание кода...
  baseclasses.vcxproj -> D:\source\repos\C++\directshow\baseclasses\Debug\strmbase.lib
