d:\repository\gige\gigeforward\comserver\exe\gigepreviewer\gigepreviewerdll\x64\release\gigepreviewerdll.pch
d:\repository\gige\gigeforward\comserver\exe\gigepreviewer\gigepreviewerdll\x64\release\vc142.pdb
d:\repository\gige\gigeforward\comserver\exe\gigepreviewer\gigepreviewerdll\x64\release\pch.obj
d:\repository\gige\gigeforward\comserver\exe\gigepreviewer\gigepreviewerdll\x64\release\dllmain.obj
d:\repository\gige\gigeforward\comserver\exe\gigepreviewer\gigepreviewerdll\x64\release\previewer.obj
d:\repository\gige\gigeforward\comserver\exe\gigepreviewer\gigepreviewerdll\x64\release\gigepreviewerdll.obj
d:\repository\gige\gigeforward\comserver\exe\gigepreviewer\gigepreviewerdll\x64\release\gigepreviewerdll_i.obj
d:\repository\gige\gigeforward\comserver\exe\gigepreviewer\gigepreviewerdll\x64\release\xdlldata.obj
d:\repository\gige\gigeforward\comserver\exe\gigepreviewer\x64\release\gigepreviewerdll.lib
d:\repository\gige\gigeforward\comserver\exe\gigepreviewer\x64\release\gigepreviewerdll.exp
d:\repository\gige\gigeforward\comserver\exe\gigepreviewer\x64\release\gigepreviewerdll.dll
d:\repository\gige\gigeforward\comserver\exe\gigepreviewer\x64\release\gigepreviewerdll.pdb
d:\repository\gige\gigeforward\comserver\exe\gigepreviewer\gigepreviewerdll\x64\release\gigepreviewerdll.tlb
d:\repository\gige\gigeforward\comserver\exe\gigepreviewer\gigepreviewerdll\gigepreviewerdll_p.c
d:\repository\gige\gigeforward\comserver\exe\gigepreviewer\gigepreviewerdll\gigepreviewerdll_i.c
d:\repository\gige\gigeforward\comserver\exe\gigepreviewer\gigepreviewerdll\gigepreviewerdll_i.h
d:\repository\gige\gigeforward\comserver\exe\gigepreviewer\gigepreviewerdll\x64\release\gigepreviewerdll.res
d:\repository\gige\gigeforward\comserver\exe\gigepreviewer\gigepreviewerdll\x64\release\gigepreviewerdll.tlog\cl.command.1.tlog
d:\repository\gige\gigeforward\comserver\exe\gigepreviewer\gigepreviewerdll\x64\release\gigepreviewerdll.tlog\cl.read.1.tlog
d:\repository\gige\gigeforward\comserver\exe\gigepreviewer\gigepreviewerdll\x64\release\gigepreviewerdll.tlog\cl.write.1.tlog
d:\repository\gige\gigeforward\comserver\exe\gigepreviewer\gigepreviewerdll\x64\release\gigepreviewerdll.tlog\gigepreviewerdll.write.1u.tlog
d:\repository\gige\gigeforward\comserver\exe\gigepreviewer\gigepreviewerdll\x64\release\gigepreviewerdll.tlog\link.command.1.tlog
d:\repository\gige\gigeforward\comserver\exe\gigepreviewer\gigepreviewerdll\x64\release\gigepreviewerdll.tlog\link.read.1.tlog
d:\repository\gige\gigeforward\comserver\exe\gigepreviewer\gigepreviewerdll\x64\release\gigepreviewerdll.tlog\link.write.1.tlog
d:\repository\gige\gigeforward\comserver\exe\gigepreviewer\gigepreviewerdll\x64\release\gigepreviewerdll.tlog\midl.command.1.tlog
d:\repository\gige\gigeforward\comserver\exe\gigepreviewer\gigepreviewerdll\x64\release\gigepreviewerdll.tlog\midl.read.1.tlog
d:\repository\gige\gigeforward\comserver\exe\gigepreviewer\gigepreviewerdll\x64\release\gigepreviewerdll.tlog\midl.write.1.tlog
d:\repository\gige\gigeforward\comserver\exe\gigepreviewer\gigepreviewerdll\x64\release\gigepreviewerdll.tlog\rc.command.1.tlog
d:\repository\gige\gigeforward\comserver\exe\gigepreviewer\gigepreviewerdll\x64\release\gigepreviewerdll.tlog\rc.read.1.tlog
d:\repository\gige\gigeforward\comserver\exe\gigepreviewer\gigepreviewerdll\x64\release\gigepreviewerdll.tlog\rc.write.1.tlog
