d:\repository\gige\gigeforward\comserver\exe\gigepreviewer\gigepreviewer\x64\release\gigepreviewer.pch
d:\repository\gige\gigeforward\comserver\exe\gigepreviewer\gigepreviewer\x64\release\vc142.pdb
d:\repository\gige\gigeforward\comserver\exe\gigepreviewer\gigepreviewer\x64\release\pch.obj
d:\repository\gige\gigeforward\comserver\exe\gigepreviewer\gigepreviewer\x64\release\previewer.obj
d:\repository\gige\gigeforward\comserver\exe\gigepreviewer\gigepreviewer\x64\release\gigepreviewer.obj
d:\repository\gige\gigeforward\comserver\exe\gigepreviewer\gigepreviewer\x64\release\gigepreviewer_i.obj
d:\repository\gige\gigeforward\comserver\exe\gigepreviewer\gigepreviewer\x64\release\xdlldata.obj
d:\repository\gige\gigeforward\comserver\exe\gigepreviewer\x64\release\gigepreviewer.exe
d:\repository\gige\gigeforward\comserver\exe\gigepreviewer\x64\release\gigepreviewer.pdb
d:\repository\gige\gigeforward\comserver\exe\gigepreviewer\gigepreviewer\x64\release\gigepreviewer.tlb
d:\repository\gige\gigeforward\comserver\exe\gigepreviewer\gigepreviewer\gigepreviewer_p.c
d:\repository\gige\gigeforward\comserver\exe\gigepreviewer\gigepreviewer\gigepreviewer_i.c
d:\repository\gige\gigeforward\comserver\exe\gigepreviewer\gigepreviewer\gigepreviewer_i.h
d:\repository\gige\gigeforward\comserver\exe\gigepreviewer\gigepreviewer\x64\release\gigepreviewer.res
d:\repository\gige\gigeforward\comserver\exe\gigepreviewer\gigepreviewer\x64\release\gigepreviewer.tlog\cl.command.1.tlog
d:\repository\gige\gigeforward\comserver\exe\gigepreviewer\gigepreviewer\x64\release\gigepreviewer.tlog\cl.read.1.tlog
d:\repository\gige\gigeforward\comserver\exe\gigepreviewer\gigepreviewer\x64\release\gigepreviewer.tlog\cl.write.1.tlog
d:\repository\gige\gigeforward\comserver\exe\gigepreviewer\gigepreviewer\x64\release\gigepreviewer.tlog\link.command.1.tlog
d:\repository\gige\gigeforward\comserver\exe\gigepreviewer\gigepreviewer\x64\release\gigepreviewer.tlog\link.read.1.tlog
d:\repository\gige\gigeforward\comserver\exe\gigepreviewer\gigepreviewer\x64\release\gigepreviewer.tlog\link.write.1.tlog
d:\repository\gige\gigeforward\comserver\exe\gigepreviewer\gigepreviewer\x64\release\gigepreviewer.tlog\midl.command.1.tlog
d:\repository\gige\gigeforward\comserver\exe\gigepreviewer\gigepreviewer\x64\release\gigepreviewer.tlog\midl.read.1.tlog
d:\repository\gige\gigeforward\comserver\exe\gigepreviewer\gigepreviewer\x64\release\gigepreviewer.tlog\midl.write.1.tlog
d:\repository\gige\gigeforward\comserver\exe\gigepreviewer\gigepreviewer\x64\release\gigepreviewer.tlog\rc.command.1.tlog
d:\repository\gige\gigeforward\comserver\exe\gigepreviewer\gigepreviewer\x64\release\gigepreviewer.tlog\rc.read.1.tlog
d:\repository\gige\gigeforward\comserver\exe\gigepreviewer\gigepreviewer\x64\release\gigepreviewer.tlog\rc.write.1.tlog
