  64 bit Processing .\GigePreviewer.idl
  GigePreviewer.idl
  64 bit Processing D:\Windows Kits\10\Include\10.0.19041.0\um\oaidl.idl
  oaidl.idl
  64 bit Processing D:\Windows Kits\10\Include\10.0.19041.0\um\objidl.idl
  objidl.idl
  64 bit Processing D:\Windows Kits\10\Include\10.0.19041.0\um\unknwn.idl
  unknwn.idl
  64 bit Processing D:\Windows Kits\10\Include\10.0.19041.0\shared\wtypes.idl
  wtypes.idl
  64 bit Processing D:\Windows Kits\10\Include\10.0.19041.0\shared\wtypesbase.idl
  wtypesbase.idl
  64 bit Processing D:\Windows Kits\10\Include\10.0.19041.0\shared\basetsd.h
  basetsd.h
  64 bit Processing D:\Windows Kits\10\Include\10.0.19041.0\shared\guiddef.h
  guiddef.h
  64 bit Processing D:\Windows Kits\10\Include\10.0.19041.0\um\ocidl.idl
  ocidl.idl
  64 bit Processing D:\Windows Kits\10\Include\10.0.19041.0\um\oleidl.idl
  oleidl.idl
  64 bit Processing D:\Windows Kits\10\Include\10.0.19041.0\um\servprov.idl
  servprov.idl
  64 bit Processing D:\Windows Kits\10\Include\10.0.19041.0\um\urlmon.idl
  urlmon.idl
  64 bit Processing D:\Windows Kits\10\Include\10.0.19041.0\um\msxml.idl
  msxml.idl
  64 bit Processing D:\Windows Kits\10\Include\10.0.19041.0\um\shobjidl.idl
  shobjidl.idl
  64 bit Processing D:\Windows Kits\10\Include\10.0.19041.0\um\docobj.idl
  docobj.idl
  64 bit Processing D:\Windows Kits\10\Include\10.0.19041.0\um\shtypes.idl
  shtypes.idl
  64 bit Processing D:\Windows Kits\10\Include\10.0.19041.0\um\comcat.idl
  comcat.idl
  64 bit Processing D:\Windows Kits\10\Include\10.0.19041.0\um\propidl.idl
  propidl.idl
  64 bit Processing D:\Windows Kits\10\Include\10.0.19041.0\um\prsht.idl
  prsht.idl
  64 bit Processing D:\Windows Kits\10\Include\10.0.19041.0\um\propsys.idl
  propsys.idl
  64 bit Processing D:\Windows Kits\10\Include\10.0.19041.0\um\StructuredQueryCondition.idl
  StructuredQueryCondition.idl
  64 bit Processing D:\Windows Kits\10\Include\10.0.19041.0\um\ObjectArray.idl
  ObjectArray.idl
  64 bit Processing D:\Windows Kits\10\Include\10.0.19041.0\um\shobjidl_core.idl
  shobjidl_core.idl
  64 bit Processing D:\Windows Kits\10\Include\10.0.19041.0\um\oaidl.acf
  oaidl.acf
  64 bit Processing D:\Windows Kits\10\Include\10.0.19041.0\um\ocidl.acf
  ocidl.acf
  pch.cpp
  GigePreviewer.cpp
  Previewer.cpp
  Notice: Using GenICam with untested compiler, version 1929 detected!
  Following versions were tested: 1400, 1500, 1600, 1700, 1800, 1900-1916.
D:\Repository\Gige\GigeForward\comServer\EXE\GigePreviewer\GigePreviewer\Previewer.cpp(28,30): warning C4267: =: преобразование из "size_t" в "BYTE"; возможна потеря данных
  Создание кода...
D:\Repository\Gige\GigeForward\comServer\EXE\GigePreviewer\GigePreviewer\Port.hpp(56): warning C4715: Port::GetAccessMode: значение возвращается не при всех путях выполнения
  GigePreviewer_i.c
  xdlldata.c
  GigePreviewer.vcxproj -> D:\Repository\Gige\GigeForward\comServer\EXE\GigePreviewer\x64\Release\GigePreviewer.exe
